<?xml version="1.0" encoding="UTF-8"?>
<!-- Generated by org.testng.reporters.JUnitReportReporter -->
<testsuite skipped="0" hostname="DESKTOP-3JER1AI" name="TestBase" tests="1" failures="0" timestamp="27 Feb 2019 17:43:29 GMT" time="0.012" errors="0">
  <testcase name="filereader" time="0.012" classname="TestBase"/>
</testsuite> <!-- TestBase -->
