<?xml version="1.0" encoding="UTF-8"?>
<!-- Generated by org.testng.reporters.JUnitReportReporter -->
<testsuite skipped="0" hostname="DESKTOP-3JER1AI" name="testUtil.PageLinks" tests="1" failures="0" timestamp="16 Mar 2019 23:55:10 GMT" time="26.900" errors="0">
  <testcase name="PageLink" time="26.900" classname="testUtil.PageLinks"/>
</testsuite> <!-- testUtil.PageLinks -->
