<?xml version="1.0" encoding="UTF-8"?>
<!-- Generated by org.testng.reporters.JUnitReportReporter -->
<testsuite skipped="0" hostname="DESKTOP-3JER1AI" name="testBase.TestBase" tests="1" failures="0" timestamp="11 Mar 2019 22:05:01 GMT" time="11.322" errors="0">
  <testcase name="init" time="11.322" classname="testBase.TestBase"/>
</testsuite> <!-- testBase.TestBase -->
